[2025-07-16 12:55:12] [SISTEMA] === NOVA SESSÃO INICIADA ===
[2025-07-16 12:55:12] [SISTEMA] Conectado ao RabbitMQ - Exchange: gateway_dados_topic
[2025-07-16 12:55:12] [SISTEMA] Serviço de Base de Dados iniciado e aguardando dados...
[2025-07-16 12:55:29] [SUL] [sul | 28,73 | 36,44 | 972,42 | 500,02]
[2025-07-16 12:55:29] [OESTE] [oeste | 37,01 | 30,37 | 1048,88 | 778,31]
[2025-07-16 12:55:29] [NORTE] [norte | 36,12 | 46,25 | 957,05 | 982,11]
[2025-07-16 12:55:29] [LESTE] [leste | 33,01 | 54,32 | 1007,89 | 945,27]
[2025-07-16 12:55:32] [LESTE] [leste | 38,62 | 36,43 | 966,07 | 491,02]
[2025-07-16 12:55:33] [OESTE] [oeste | 20,82 | 38,37 | 981,32 | 910,81]
[2025-07-16 12:55:34] [SUL] [sul | 27,29 | 30,44 | 1010,11 | 594,64]
[2025-07-16 12:55:34] [NORTE] [norte | 35,34 | 37,15 | 983,88 | 103,66]
[2025-07-16 12:55:36] [LESTE] [leste | 30,22 | 35,11 | 1043,49 | 746,44]
[2025-07-16 12:55:37] [OESTE] [oeste | 28,87 | 65,31 | 1010,12 | 999,55]
[2025-07-16 12:55:38] [SUL] [sul | 31,18 | 31,92 | 969,48 | 787,74]
[2025-07-16 12:55:39] [NORTE] [norte | 22,91 | 63,72 | 984,19 | 636,09]
[2025-07-16 12:55:39] [LESTE] [leste | 27,96 | 37,60 | 1047,79 | 727,56]
[2025-07-16 12:55:41] [OESTE] [oeste | 26,92 | 37,70 | 1015,49 | 491,02]
[2025-07-16 12:55:43] [LESTE] [leste | 27,10 | 79,66 | 1002,11 | 252,97]
[2025-07-16 12:55:43] [SUL] [sul | 17,36 | 66,09 | 1016,48 | 735,19]
[2025-07-16 12:55:44] [NORTE] [norte | 35,11 | 42,37 | 1006,19 | 326,15]
[2025-07-16 12:55:46] [OESTE] [oeste | 35,19 | 58,72 | 1026,77 | 270,86]
[2025-07-16 12:55:46] [LESTE] [leste | 28,27 | 46,29 | 1016,06 | 742,17]
[2025-07-16 12:55:48] [SUL] [sul | 15,92 | 51,21 | 1042,77 | 387,61]
[2025-07-16 12:55:49] [NORTE] [norte | 32,05 | 69,22 | 984,87 | 190,08]
[2025-07-16 12:55:49] [LESTE] [leste | 31,70 | 78,30 | 997,71 | 707,90]
[2025-07-16 12:55:50] [OESTE] [oeste | 22,05 | 59,72 | 1009,52 | 462,36]
[2025-07-16 12:55:53] [SUL] [sul | 15,56 | 65,07 | 967,02 | 404,53]
[2025-07-16 12:55:53] [LESTE] [leste | 21,37 | 67,58 | 1007,40 | 633,25]
[2025-07-16 12:55:54] [NORTE] [norte | 18,68 | 79,65 | 956,94 | 360,13]
[2025-07-16 12:55:54] [OESTE] [oeste | 16,86 | 61,10 | 1017,44 | 929,08]
[2025-07-16 12:55:56] [LESTE] [leste | 36,06 | 77,96 | 1009,09 | 810,32]
[2025-07-16 12:55:58] [SUL] [sul | 31,64 | 54,21 | 1016,14 | 425,18]
[2025-07-16 12:55:58] [OESTE] [oeste | 36,17 | 32,95 | 976,20 | 960,58]
[2025-07-16 12:55:59] [NORTE] [norte | 21,57 | 53,83 | 984,10 | 372,00]
[2025-07-16 12:56:00] [LESTE] [leste | 25,57 | 73,33 | 962,51 | 373,41]
[2025-07-16 12:56:02] [OESTE] [oeste | 26,26 | 45,44 | 986,37 | 993,19]
[2025-07-16 12:56:02] [SUL] [sul | 16,04 | 78,31 | 959,61 | 338,67]
[2025-07-16 12:56:03] [LESTE] [leste | 15,96 | 79,70 | 1003,63 | 342,97]
[2025-07-16 12:56:04] [NORTE] [norte | 28,65 | 36,40 | 986,67 | 510,42]
[2025-07-16 12:56:07] [LESTE] [leste | 39,85 | 64,99 | 971,74 | 393,16]
[2025-07-16 12:56:07] [OESTE] [oeste | 32,47 | 53,31 | 994,78 | 854,84]
[2025-07-16 12:56:07] [SUL] [sul | 33,51 | 57,52 | 1046,85 | 142,58]
[2025-07-16 12:56:08] [NORTE] [norte | 39,82 | 62,61 | 1049,62 | 550,01]
[2025-07-16 12:56:10] [LESTE] [leste | 22,34 | 75,91 | 1015,02 | 379,21]
[2025-07-16 12:56:11] [OESTE] [oeste | 20,62 | 45,18 | 961,49 | 124,24]
[2025-07-16 12:56:12] [SUL] [sul | 26,00 | 59,22 | 967,67 | 296,27]
[2025-07-16 12:56:13] [NORTE] [norte | 25,22 | 45,48 | 966,28 | 760,14]
[2025-07-16 12:56:13] [LESTE] [leste | 36,27 | 39,62 | 950,30 | 902,16]
[2025-07-16 12:56:15] [OESTE] [oeste | 36,74 | 47,16 | 1002,54 | 196,55]
[2025-07-16 12:56:17] [SUL] [sul | 26,30 | 67,40 | 1036,18 | 153,62]
[2025-07-16 12:56:17] [LESTE] [leste | 30,83 | 69,66 | 1028,97 | 747,41]
[2025-07-16 12:56:18] [NORTE] [norte | 31,21 | 30,31 | 992,00 | 585,62]
[2025-07-16 12:56:19] [OESTE] [oeste | 37,63 | 32,52 | 964,71 | 238,42]
[2025-07-16 12:56:20] [LESTE] [leste | 15,50 | 57,55 | 1016,09 | 722,86]
[2025-07-16 12:56:22] [SUL] [sul | 20,47 | 46,52 | 977,38 | 140,39]
[2025-07-16 12:56:23] [NORTE] [norte | 21,91 | 46,79 | 1036,75 | 926,09]
[2025-07-16 12:56:24] [LESTE] [leste | 22,47 | 71,40 | 1045,52 | 815,54]
[2025-07-16 12:56:27] [LESTE] [leste | 28,83 | 57,13 | 1023,06 | 247,87]
[2025-07-16 12:56:28] [NORTE] [norte | 27,01 | 67,76 | 1006,39 | 618,50]
[2025-07-16 12:56:31] [LESTE] [leste | 21,93 | 41,16 | 1006,91 | 867,51]
[2025-07-16 12:56:31] [SUL] [sul | 32,69 | 49,06 | 972,56 | 453,24]
[2025-07-16 12:56:32] [OESTE] [oeste | 36,35 | 38,57 | 965,67 | 117,97]
[2025-07-16 12:56:33] [NORTE] [norte | 38,84 | 56,71 | 971,54 | 493,09]
[2025-07-16 12:56:34] [LESTE] [leste | 29,29 | 52,48 | 1033,00 | 492,05]
[2025-07-16 12:56:36] [OESTE] [oeste | 25,86 | 78,16 | 1045,68 | 566,90]
[2025-07-16 12:56:36] [SUL] [sul | 31,64 | 37,26 | 1039,17 | 990,74]
[2025-07-16 12:56:37] [LESTE] [leste | 33,95 | 77,54 | 1030,95 | 438,47]
[2025-07-16 12:56:38] [NORTE] [norte | 18,14 | 52,38 | 981,13 | 783,23]
[2025-07-16 12:56:40] [OESTE] [oeste | 33,75 | 78,19 | 1023,60 | 846,81]
[2025-07-16 12:56:41] [SUL] [sul | 25,91 | 77,54 | 999,11 | 653,59]
[2025-07-16 12:56:41] [LESTE] [leste | 32,04 | 30,20 | 1006,70 | 204,06]
[2025-07-16 12:56:43] [NORTE] [norte | 38,95 | 79,37 | 971,90 | 177,65]
[2025-07-16 12:56:44] [LESTE] [leste | 35,68 | 42,36 | 959,76 | 926,42]
[2025-07-16 12:56:44] [OESTE] [oeste | 37,13 | 47,45 | 1036,55 | 885,96]
[2025-07-16 12:56:46] [SUL] [sul | 23,88 | 63,29 | 1008,84 | 692,01]
[2025-07-16 12:56:48] [LESTE] [leste | 28,95 | 73,79 | 985,71 | 889,76]
[2025-07-16 12:56:48] [NORTE] [norte | 24,71 | 57,23 | 1017,56 | 856,00]
[2025-07-16 12:56:49] [OESTE] [oeste | 34,72 | 36,53 | 1022,08 | 518,24]
[2025-07-16 12:56:50] [SUL] [sul | 17,68 | 45,22 | 1031,58 | 758,34]
[2025-07-16 12:56:51] [LESTE] [leste | 16,43 | 68,76 | 975,15 | 957,62]
[2025-07-16 12:56:53] [OESTE] [oeste | 29,50 | 33,58 | 985,86 | 389,14]
[2025-07-16 12:56:55] [LESTE] [leste | 28,28 | 72,58 | 1046,58 | 284,32]
[2025-07-16 12:56:55] [SUL] [sul | 30,23 | 75,53 | 1011,86 | 562,92]
[2025-07-16 12:56:57] [OESTE] [oeste | 26,22 | 44,62 | 959,12 | 627,49]
[2025-07-16 12:56:58] [NORTE] [norte | 31,14 | 34,95 | 997,76 | 299,10]
[2025-07-16 12:56:58] [LESTE] [leste | 22,38 | 46,24 | 1006,36 | 545,59]
[2025-07-16 12:57:00] [SUL] [sul | 24,67 | 60,42 | 1021,79 | 491,03]
[2025-07-16 12:57:01] [OESTE] [oeste | 24,12 | 67,48 | 1042,40 | 924,72]
[2025-07-16 12:57:01] [LESTE] [leste | 33,96 | 44,93 | 972,01 | 163,87]
[2025-07-16 12:57:03] [NORTE] [norte | 23,00 | 78,96 | 1025,04 | 125,13]
[2025-07-16 12:57:05] [SUL] [sul | 34,44 | 75,51 | 1005,75 | 752,89]
[2025-07-16 12:57:05] [OESTE] [oeste | 32,15 | 56,67 | 972,24 | 333,22]
[2025-07-16 12:57:08] [NORTE] [norte | 16,37 | 76,35 | 1036,88 | 737,38]
[2025-07-16 12:57:10] [OESTE] [oeste | 32,48 | 33,71 | 967,41 | 784,77]
[2025-07-16 12:57:10] [SUL] [sul | 22,39 | 68,14 | 950,37 | 807,68]
[2025-07-16 12:57:13] [NORTE] [norte | 26,24 | 54,48 | 991,95 | 779,90]
[2025-07-16 12:57:14] [OESTE] [oeste | 18,74 | 45,26 | 960,41 | 257,06]
[2025-07-16 12:57:14] [SUL] [sul | 39,62 | 36,97 | 995,17 | 645,17]
